05/05/2022 03:56:29 PARAMS: {'status': '🌟 Please checkout our new generative art Spectrum by @LibertasART', 'in_reply_to_status_id': '1522168324540428288', 'auto_populate_reply_metadata': 'True'}
05/05/2022 03:56:29 Signing request <PreparedRequest [POST]> using client <Client client_key=0dMfQEs4eXm6aY0Lrxm3c1I6w, client_secret=****, resource_owner_key=1504696465918111744-8FfWiKJ5Qs9vnL4I87a5u6R9jpL9tH, resource_owner_secret=****, signature_method=HMAC-SHA1, signature_type=AUTH_HEADER, callback_uri=None, rsa_key=None, verifier=None, realm=None, encoding=utf-8, decoding=None, nonce=None, timestamp=None>
05/05/2022 03:56:29 Including body in call to sign: False
05/05/2022 03:56:29 Collected params: [('status', '🌟 Please checkout our new generative art Spectrum by @LibertasART'), ('in_reply_to_status_id', '1522168324540428288'), ('auto_populate_reply_metadata', 'True'), ('oauth_nonce', '64733398841903488361651748189'), ('oauth_timestamp', '1651748189'), ('oauth_version', '1.0'), ('oauth_signature_method', 'HMAC-SHA1'), ('oauth_consumer_key', '0dMfQEs4eXm6aY0Lrxm3c1I6w'), ('oauth_token', '1504696465918111744-8FfWiKJ5Qs9vnL4I87a5u6R9jpL9tH')]
05/05/2022 03:56:29 Normalized params: auto_populate_reply_metadata=True&in_reply_to_status_id=1522168324540428288&oauth_consumer_key=0dMfQEs4eXm6aY0Lrxm3c1I6w&oauth_nonce=64733398841903488361651748189&oauth_signature_method=HMAC-SHA1&oauth_timestamp=1651748189&oauth_token=1504696465918111744-8FfWiKJ5Qs9vnL4I87a5u6R9jpL9tH&oauth_version=1.0&status=%F0%9F%8C%9F%20Please%20checkout%20our%20new%20generative%20art%20Spectrum%20by%20%40LibertasART
05/05/2022 03:56:29 Normalized URI: https://api.twitter.com/1.1/statuses/update.json
05/05/2022 03:56:29 Signing: signature base string: POST&https%3A%2F%2Fapi.twitter.com%2F1.1%2Fstatuses%2Fupdate.json&auto_populate_reply_metadata%3DTrue%26in_reply_to_status_id%3D1522168324540428288%26oauth_consumer_key%3D0dMfQEs4eXm6aY0Lrxm3c1I6w%26oauth_nonce%3D64733398841903488361651748189%26oauth_signature_method%3DHMAC-SHA1%26oauth_timestamp%3D1651748189%26oauth_token%3D1504696465918111744-8FfWiKJ5Qs9vnL4I87a5u6R9jpL9tH%26oauth_version%3D1.0%26status%3D%25F0%259F%258C%259F%2520Please%2520checkout%2520our%2520new%2520generative%2520art%2520Spectrum%2520by%2520%2540LibertasART
05/05/2022 03:56:29 Signature: aJsCjvQZaNsVPj/Dvm+/X+FIvuY=
05/05/2022 03:56:29 Updated url: https://api.twitter.com/1.1/statuses/update.json?status=%F0%9F%8C%9F+Please+checkout+our+new+generative+art+Spectrum+by+%40LibertasART&in_reply_to_status_id=1522168324540428288&auto_populate_reply_metadata=True
05/05/2022 03:56:29 Updated headers: {'User-Agent': 'Python/3.9.4 Requests/2.27.1 Tweepy/4.6.0', 'Accept-Encoding': 'gzip, deflate, br', 'Accept': '*/*', 'Connection': 'keep-alive', 'Content-Length': '0', 'Authorization': 'OAuth oauth_nonce="64733398841903488361651748189", oauth_timestamp="1651748189", oauth_version="1.0", oauth_signature_method="HMAC-SHA1", oauth_consumer_key="0dMfQEs4eXm6aY0Lrxm3c1I6w", oauth_token="1504696465918111744-8FfWiKJ5Qs9vnL4I87a5u6R9jpL9tH", oauth_signature="aJsCjvQZaNsVPj%2FDvm%2B%2FX%2BFIvuY%3D"'}
05/05/2022 03:56:29 Updated body: None
05/05/2022 03:56:29 Starting new HTTPS connection (1): api.twitter.com:443
05/05/2022 03:56:29 https://api.twitter.com:443 "POST /1.1/statuses/update.json?status=%F0%9F%8C%9F+Please+checkout+our+new+generative+art+Spectrum+by+%40LibertasART&in_reply_to_status_id=1522168324540428288&auto_populate_reply_metadata=True HTTP/1.1" 200 1290
05/05/2022 03:56:29 replied to this id:1522168324540428288
05/05/2022 03:56:29 PARAMS: {'status': '🌟 Please checkout our new generative art Spectrum by @LibertasART', 'in_reply_to_status_id': '1522168314545516545', 'auto_populate_reply_metadata': 'True'}
05/05/2022 03:56:29 Signing request <PreparedRequest [POST]> using client <Client client_key=0dMfQEs4eXm6aY0Lrxm3c1I6w, client_secret=****, resource_owner_key=1504696465918111744-8FfWiKJ5Qs9vnL4I87a5u6R9jpL9tH, resource_owner_secret=****, signature_method=HMAC-SHA1, signature_type=AUTH_HEADER, callback_uri=None, rsa_key=None, verifier=None, realm=None, encoding=utf-8, decoding=None, nonce=None, timestamp=None>
05/05/2022 03:56:29 Including body in call to sign: False
05/05/2022 03:56:29 Collected params: [('status', '🌟 Please checkout our new generative art Spectrum by @LibertasART'), ('in_reply_to_status_id', '1522168314545516545'), ('auto_populate_reply_metadata', 'True'), ('oauth_nonce', '21314220334287059411651748189'), ('oauth_timestamp', '1651748189'), ('oauth_version', '1.0'), ('oauth_signature_method', 'HMAC-SHA1'), ('oauth_consumer_key', '0dMfQEs4eXm6aY0Lrxm3c1I6w'), ('oauth_token', '1504696465918111744-8FfWiKJ5Qs9vnL4I87a5u6R9jpL9tH')]
05/05/2022 03:56:29 Normalized params: auto_populate_reply_metadata=True&in_reply_to_status_id=1522168314545516545&oauth_consumer_key=0dMfQEs4eXm6aY0Lrxm3c1I6w&oauth_nonce=21314220334287059411651748189&oauth_signature_method=HMAC-SHA1&oauth_timestamp=1651748189&oauth_token=1504696465918111744-8FfWiKJ5Qs9vnL4I87a5u6R9jpL9tH&oauth_version=1.0&status=%F0%9F%8C%9F%20Please%20checkout%20our%20new%20generative%20art%20Spectrum%20by%20%40LibertasART
05/05/2022 03:56:29 Normalized URI: https://api.twitter.com/1.1/statuses/update.json
05/05/2022 03:56:29 Signing: signature base string: POST&https%3A%2F%2Fapi.twitter.com%2F1.1%2Fstatuses%2Fupdate.json&auto_populate_reply_metadata%3DTrue%26in_reply_to_status_id%3D1522168314545516545%26oauth_consumer_key%3D0dMfQEs4eXm6aY0Lrxm3c1I6w%26oauth_nonce%3D21314220334287059411651748189%26oauth_signature_method%3DHMAC-SHA1%26oauth_timestamp%3D1651748189%26oauth_token%3D1504696465918111744-8FfWiKJ5Qs9vnL4I87a5u6R9jpL9tH%26oauth_version%3D1.0%26status%3D%25F0%259F%258C%259F%2520Please%2520checkout%2520our%2520new%2520generative%2520art%2520Spectrum%2520by%2520%2540LibertasART
05/05/2022 03:56:29 Signature: Vbo1UlPqxCAFB12MD4OcJJSn2qg=
05/05/2022 03:56:29 Updated url: https://api.twitter.com/1.1/statuses/update.json?status=%F0%9F%8C%9F+Please+checkout+our+new+generative+art+Spectrum+by+%40LibertasART&in_reply_to_status_id=1522168314545516545&auto_populate_reply_metadata=True
05/05/2022 03:56:29 Updated headers: {'User-Agent': 'Python/3.9.4 Requests/2.27.1 Tweepy/4.6.0', 'Accept-Encoding': 'gzip, deflate, br', 'Accept': '*/*', 'Connection': 'keep-alive', 'Content-Length': '0', 'Authorization': 'OAuth oauth_nonce="21314220334287059411651748189", oauth_timestamp="1651748189", oauth_version="1.0", oauth_signature_method="HMAC-SHA1", oauth_consumer_key="0dMfQEs4eXm6aY0Lrxm3c1I6w", oauth_token="1504696465918111744-8FfWiKJ5Qs9vnL4I87a5u6R9jpL9tH", oauth_signature="Vbo1UlPqxCAFB12MD4OcJJSn2qg%3D"'}
05/05/2022 03:56:29 Updated body: None
05/05/2022 03:56:29 Starting new HTTPS connection (1): api.twitter.com:443
05/05/2022 03:56:30 https://api.twitter.com:443 "POST /1.1/statuses/update.json?status=%F0%9F%8C%9F+Please+checkout+our+new+generative+art+Spectrum+by+%40LibertasART&in_reply_to_status_id=1522168314545516545&auto_populate_reply_metadata=True HTTP/1.1" 200 1324
05/05/2022 03:56:30 replied to this id:1522168314545516545
05/05/2022 03:56:30 PARAMS: {'status': '🌟 Please checkout our new generative art Spectrum by @LibertasART', 'in_reply_to_status_id': '1522168259101044736', 'auto_populate_reply_metadata': 'True'}
05/05/2022 03:56:30 Signing request <PreparedRequest [POST]> using client <Client client_key=0dMfQEs4eXm6aY0Lrxm3c1I6w, client_secret=****, resource_owner_key=1504696465918111744-8FfWiKJ5Qs9vnL4I87a5u6R9jpL9tH, resource_owner_secret=****, signature_method=HMAC-SHA1, signature_type=AUTH_HEADER, callback_uri=None, rsa_key=None, verifier=None, realm=None, encoding=utf-8, decoding=None, nonce=None, timestamp=None>
05/05/2022 03:56:30 Including body in call to sign: False
05/05/2022 03:56:30 Collected params: [('status', '🌟 Please checkout our new generative art Spectrum by @LibertasART'), ('in_reply_to_status_id', '1522168259101044736'), ('auto_populate_reply_metadata', 'True'), ('oauth_nonce', '101861935259980419111651748190'), ('oauth_timestamp', '1651748190'), ('oauth_version', '1.0'), ('oauth_signature_method', 'HMAC-SHA1'), ('oauth_consumer_key', '0dMfQEs4eXm6aY0Lrxm3c1I6w'), ('oauth_token', '1504696465918111744-8FfWiKJ5Qs9vnL4I87a5u6R9jpL9tH')]
05/05/2022 03:56:30 Normalized params: auto_populate_reply_metadata=True&in_reply_to_status_id=1522168259101044736&oauth_consumer_key=0dMfQEs4eXm6aY0Lrxm3c1I6w&oauth_nonce=101861935259980419111651748190&oauth_signature_method=HMAC-SHA1&oauth_timestamp=1651748190&oauth_token=1504696465918111744-8FfWiKJ5Qs9vnL4I87a5u6R9jpL9tH&oauth_version=1.0&status=%F0%9F%8C%9F%20Please%20checkout%20our%20new%20generative%20art%20Spectrum%20by%20%40LibertasART
05/05/2022 03:56:30 Normalized URI: https://api.twitter.com/1.1/statuses/update.json
05/05/2022 03:56:30 Signing: signature base string: POST&https%3A%2F%2Fapi.twitter.com%2F1.1%2Fstatuses%2Fupdate.json&auto_populate_reply_metadata%3DTrue%26in_reply_to_status_id%3D1522168259101044736%26oauth_consumer_key%3D0dMfQEs4eXm6aY0Lrxm3c1I6w%26oauth_nonce%3D101861935259980419111651748190%26oauth_signature_method%3DHMAC-SHA1%26oauth_timestamp%3D1651748190%26oauth_token%3D1504696465918111744-8FfWiKJ5Qs9vnL4I87a5u6R9jpL9tH%26oauth_version%3D1.0%26status%3D%25F0%259F%258C%259F%2520Please%2520checkout%2520our%2520new%2520generative%2520art%2520Spectrum%2520by%2520%2540LibertasART
05/05/2022 03:56:30 Signature: pxACk+ZhvpP8wEpNyHwwV5gzWD0=
05/05/2022 03:56:30 Updated url: https://api.twitter.com/1.1/statuses/update.json?status=%F0%9F%8C%9F+Please+checkout+our+new+generative+art+Spectrum+by+%40LibertasART&in_reply_to_status_id=1522168259101044736&auto_populate_reply_metadata=True
05/05/2022 03:56:30 Updated headers: {'User-Agent': 'Python/3.9.4 Requests/2.27.1 Tweepy/4.6.0', 'Accept-Encoding': 'gzip, deflate, br', 'Accept': '*/*', 'Connection': 'keep-alive', 'Content-Length': '0', 'Authorization': 'OAuth oauth_nonce="101861935259980419111651748190", oauth_timestamp="1651748190", oauth_version="1.0", oauth_signature_method="HMAC-SHA1", oauth_consumer_key="0dMfQEs4eXm6aY0Lrxm3c1I6w", oauth_token="1504696465918111744-8FfWiKJ5Qs9vnL4I87a5u6R9jpL9tH", oauth_signature="pxACk%2BZhvpP8wEpNyHwwV5gzWD0%3D"'}
05/05/2022 03:56:30 Updated body: None
05/05/2022 03:56:30 Starting new HTTPS connection (1): api.twitter.com:443
05/05/2022 03:56:30 https://api.twitter.com:443 "POST /1.1/statuses/update.json?status=%F0%9F%8C%9F+Please+checkout+our+new+generative+art+Spectrum+by+%40LibertasART&in_reply_to_status_id=1522168259101044736&auto_populate_reply_metadata=True HTTP/1.1" 200 1320
05/05/2022 03:56:30 replied to this id:1522168259101044736
05/05/2022 03:56:30 PARAMS: {'status': '🌟 Please checkout our new generative art Spectrum by @LibertasART', 'in_reply_to_status_id': '1522168245997944833', 'auto_populate_reply_metadata': 'True'}
05/05/2022 03:56:30 Signing request <PreparedRequest [POST]> using client <Client client_key=0dMfQEs4eXm6aY0Lrxm3c1I6w, client_secret=****, resource_owner_key=1504696465918111744-8FfWiKJ5Qs9vnL4I87a5u6R9jpL9tH, resource_owner_secret=****, signature_method=HMAC-SHA1, signature_type=AUTH_HEADER, callback_uri=None, rsa_key=None, verifier=None, realm=None, encoding=utf-8, decoding=None, nonce=None, timestamp=None>
05/05/2022 03:56:30 Including body in call to sign: False
05/05/2022 03:56:30 Collected params: [('status', '🌟 Please checkout our new generative art Spectrum by @LibertasART'), ('in_reply_to_status_id', '1522168245997944833'), ('auto_populate_reply_metadata', 'True'), ('oauth_nonce', '147440794342083039281651748190'), ('oauth_timestamp', '1651748190'), ('oauth_version', '1.0'), ('oauth_signature_method', 'HMAC-SHA1'), ('oauth_consumer_key', '0dMfQEs4eXm6aY0Lrxm3c1I6w'), ('oauth_token', '1504696465918111744-8FfWiKJ5Qs9vnL4I87a5u6R9jpL9tH')]
05/05/2022 03:56:30 Normalized params: auto_populate_reply_metadata=True&in_reply_to_status_id=1522168245997944833&oauth_consumer_key=0dMfQEs4eXm6aY0Lrxm3c1I6w&oauth_nonce=147440794342083039281651748190&oauth_signature_method=HMAC-SHA1&oauth_timestamp=1651748190&oauth_token=1504696465918111744-8FfWiKJ5Qs9vnL4I87a5u6R9jpL9tH&oauth_version=1.0&status=%F0%9F%8C%9F%20Please%20checkout%20our%20new%20generative%20art%20Spectrum%20by%20%40LibertasART
05/05/2022 03:56:30 Normalized URI: https://api.twitter.com/1.1/statuses/update.json
05/05/2022 03:56:30 Signing: signature base string: POST&https%3A%2F%2Fapi.twitter.com%2F1.1%2Fstatuses%2Fupdate.json&auto_populate_reply_metadata%3DTrue%26in_reply_to_status_id%3D1522168245997944833%26oauth_consumer_key%3D0dMfQEs4eXm6aY0Lrxm3c1I6w%26oauth_nonce%3D147440794342083039281651748190%26oauth_signature_method%3DHMAC-SHA1%26oauth_timestamp%3D1651748190%26oauth_token%3D1504696465918111744-8FfWiKJ5Qs9vnL4I87a5u6R9jpL9tH%26oauth_version%3D1.0%26status%3D%25F0%259F%258C%259F%2520Please%2520checkout%2520our%2520new%2520generative%2520art%2520Spectrum%2520by%2520%2540LibertasART
05/05/2022 03:56:30 Signature: 9rNRszmheTZegPyFG4gN8vEjLHE=
05/05/2022 03:56:30 Updated url: https://api.twitter.com/1.1/statuses/update.json?status=%F0%9F%8C%9F+Please+checkout+our+new+generative+art+Spectrum+by+%40LibertasART&in_reply_to_status_id=1522168245997944833&auto_populate_reply_metadata=True
05/05/2022 03:56:30 Updated headers: {'User-Agent': 'Python/3.9.4 Requests/2.27.1 Tweepy/4.6.0', 'Accept-Encoding': 'gzip, deflate, br', 'Accept': '*/*', 'Connection': 'keep-alive', 'Content-Length': '0', 'Authorization': 'OAuth oauth_nonce="147440794342083039281651748190", oauth_timestamp="1651748190", oauth_version="1.0", oauth_signature_method="HMAC-SHA1", oauth_consumer_key="0dMfQEs4eXm6aY0Lrxm3c1I6w", oauth_token="1504696465918111744-8FfWiKJ5Qs9vnL4I87a5u6R9jpL9tH", oauth_signature="9rNRszmheTZegPyFG4gN8vEjLHE%3D"'}
05/05/2022 03:56:30 Updated body: None
05/05/2022 03:56:30 Starting new HTTPS connection (1): api.twitter.com:443
05/05/2022 03:56:30 https://api.twitter.com:443 "POST /1.1/statuses/update.json?status=%F0%9F%8C%9F+Please+checkout+our+new+generative+art+Spectrum+by+%40LibertasART&in_reply_to_status_id=1522168245997944833&auto_populate_reply_metadata=True HTTP/1.1" 200 1258
05/05/2022 03:56:30 replied to this id:1522168245997944833
05/05/2022 03:56:30 PARAMS: {'status': '🌟 Please checkout our new generative art Spectrum by @LibertasART', 'in_reply_to_status_id': '1522168191958634497', 'auto_populate_reply_metadata': 'True'}
05/05/2022 03:56:30 Signing request <PreparedRequest [POST]> using client <Client client_key=0dMfQEs4eXm6aY0Lrxm3c1I6w, client_secret=****, resource_owner_key=1504696465918111744-8FfWiKJ5Qs9vnL4I87a5u6R9jpL9tH, resource_owner_secret=****, signature_method=HMAC-SHA1, signature_type=AUTH_HEADER, callback_uri=None, rsa_key=None, verifier=None, realm=None, encoding=utf-8, decoding=None, nonce=None, timestamp=None>
05/05/2022 03:56:30 Including body in call to sign: False
05/05/2022 03:56:30 Collected params: [('status', '🌟 Please checkout our new generative art Spectrum by @LibertasART'), ('in_reply_to_status_id', '1522168191958634497'), ('auto_populate_reply_metadata', 'True'), ('oauth_nonce', '145326537583190806941651748190'), ('oauth_timestamp', '1651748190'), ('oauth_version', '1.0'), ('oauth_signature_method', 'HMAC-SHA1'), ('oauth_consumer_key', '0dMfQEs4eXm6aY0Lrxm3c1I6w'), ('oauth_token', '1504696465918111744-8FfWiKJ5Qs9vnL4I87a5u6R9jpL9tH')]
05/05/2022 03:56:30 Normalized params: auto_populate_reply_metadata=True&in_reply_to_status_id=1522168191958634497&oauth_consumer_key=0dMfQEs4eXm6aY0Lrxm3c1I6w&oauth_nonce=145326537583190806941651748190&oauth_signature_method=HMAC-SHA1&oauth_timestamp=1651748190&oauth_token=1504696465918111744-8FfWiKJ5Qs9vnL4I87a5u6R9jpL9tH&oauth_version=1.0&status=%F0%9F%8C%9F%20Please%20checkout%20our%20new%20generative%20art%20Spectrum%20by%20%40LibertasART
05/05/2022 03:56:30 Normalized URI: https://api.twitter.com/1.1/statuses/update.json
05/05/2022 03:56:30 Signing: signature base string: POST&https%3A%2F%2Fapi.twitter.com%2F1.1%2Fstatuses%2Fupdate.json&auto_populate_reply_metadata%3DTrue%26in_reply_to_status_id%3D1522168191958634497%26oauth_consumer_key%3D0dMfQEs4eXm6aY0Lrxm3c1I6w%26oauth_nonce%3D145326537583190806941651748190%26oauth_signature_method%3DHMAC-SHA1%26oauth_timestamp%3D1651748190%26oauth_token%3D1504696465918111744-8FfWiKJ5Qs9vnL4I87a5u6R9jpL9tH%26oauth_version%3D1.0%26status%3D%25F0%259F%258C%259F%2520Please%2520checkout%2520our%2520new%2520generative%2520art%2520Spectrum%2520by%2520%2540LibertasART
05/05/2022 03:56:30 Signature: 3kiDKJ80dkfPrj3Q5lmNSTRPUfA=
05/05/2022 03:56:30 Updated url: https://api.twitter.com/1.1/statuses/update.json?status=%F0%9F%8C%9F+Please+checkout+our+new+generative+art+Spectrum+by+%40LibertasART&in_reply_to_status_id=1522168191958634497&auto_populate_reply_metadata=True
05/05/2022 03:56:30 Updated headers: {'User-Agent': 'Python/3.9.4 Requests/2.27.1 Tweepy/4.6.0', 'Accept-Encoding': 'gzip, deflate, br', 'Accept': '*/*', 'Connection': 'keep-alive', 'Content-Length': '0', 'Authorization': 'OAuth oauth_nonce="145326537583190806941651748190", oauth_timestamp="1651748190", oauth_version="1.0", oauth_signature_method="HMAC-SHA1", oauth_consumer_key="0dMfQEs4eXm6aY0Lrxm3c1I6w", oauth_token="1504696465918111744-8FfWiKJ5Qs9vnL4I87a5u6R9jpL9tH", oauth_signature="3kiDKJ80dkfPrj3Q5lmNSTRPUfA%3D"'}
05/05/2022 03:56:30 Updated body: None
05/05/2022 03:56:30 Starting new HTTPS connection (1): api.twitter.com:443
05/05/2022 03:56:30 https://api.twitter.com:443 "POST /1.1/statuses/update.json?status=%F0%9F%8C%9F+Please+checkout+our+new+generative+art+Spectrum+by+%40LibertasART&in_reply_to_status_id=1522168191958634497&auto_populate_reply_metadata=True HTTP/1.1" 403 85
05/05/2022 03:59:21 PARAMS: {'status': '🌟 Please checkout our new generative art Spectrum by @LibertasART', 'in_reply_to_status_id': '1522169034741067780', 'auto_populate_reply_metadata': 'True'}
05/05/2022 03:59:21 Signing request <PreparedRequest [POST]> using client <Client client_key=0dMfQEs4eXm6aY0Lrxm3c1I6w, client_secret=****, resource_owner_key=1504696465918111744-8FfWiKJ5Qs9vnL4I87a5u6R9jpL9tH, resource_owner_secret=****, signature_method=HMAC-SHA1, signature_type=AUTH_HEADER, callback_uri=None, rsa_key=None, verifier=None, realm=None, encoding=utf-8, decoding=None, nonce=None, timestamp=None>
05/05/2022 03:59:21 Including body in call to sign: False
05/05/2022 03:59:21 Collected params: [('status', '🌟 Please checkout our new generative art Spectrum by @LibertasART'), ('in_reply_to_status_id', '1522169034741067780'), ('auto_populate_reply_metadata', 'True'), ('oauth_nonce', '94827381837838590521651748361'), ('oauth_timestamp', '1651748361'), ('oauth_version', '1.0'), ('oauth_signature_method', 'HMAC-SHA1'), ('oauth_consumer_key', '0dMfQEs4eXm6aY0Lrxm3c1I6w'), ('oauth_token', '1504696465918111744-8FfWiKJ5Qs9vnL4I87a5u6R9jpL9tH')]
05/05/2022 03:59:21 Normalized params: auto_populate_reply_metadata=True&in_reply_to_status_id=1522169034741067780&oauth_consumer_key=0dMfQEs4eXm6aY0Lrxm3c1I6w&oauth_nonce=94827381837838590521651748361&oauth_signature_method=HMAC-SHA1&oauth_timestamp=1651748361&oauth_token=1504696465918111744-8FfWiKJ5Qs9vnL4I87a5u6R9jpL9tH&oauth_version=1.0&status=%F0%9F%8C%9F%20Please%20checkout%20our%20new%20generative%20art%20Spectrum%20by%20%40LibertasART
05/05/2022 03:59:21 Normalized URI: https://api.twitter.com/1.1/statuses/update.json
05/05/2022 03:59:21 Signing: signature base string: POST&https%3A%2F%2Fapi.twitter.com%2F1.1%2Fstatuses%2Fupdate.json&auto_populate_reply_metadata%3DTrue%26in_reply_to_status_id%3D1522169034741067780%26oauth_consumer_key%3D0dMfQEs4eXm6aY0Lrxm3c1I6w%26oauth_nonce%3D94827381837838590521651748361%26oauth_signature_method%3DHMAC-SHA1%26oauth_timestamp%3D1651748361%26oauth_token%3D1504696465918111744-8FfWiKJ5Qs9vnL4I87a5u6R9jpL9tH%26oauth_version%3D1.0%26status%3D%25F0%259F%258C%259F%2520Please%2520checkout%2520our%2520new%2520generative%2520art%2520Spectrum%2520by%2520%2540LibertasART
05/05/2022 03:59:21 Signature: JnuLTPn+tQQMahw+0zUBmd85mDU=
05/05/2022 03:59:21 Updated url: https://api.twitter.com/1.1/statuses/update.json?status=%F0%9F%8C%9F+Please+checkout+our+new+generative+art+Spectrum+by+%40LibertasART&in_reply_to_status_id=1522169034741067780&auto_populate_reply_metadata=True
05/05/2022 03:59:21 Updated headers: {'User-Agent': 'Python/3.9.4 Requests/2.27.1 Tweepy/4.6.0', 'Accept-Encoding': 'gzip, deflate, br', 'Accept': '*/*', 'Connection': 'keep-alive', 'Content-Length': '0', 'Authorization': 'OAuth oauth_nonce="94827381837838590521651748361", oauth_timestamp="1651748361", oauth_version="1.0", oauth_signature_method="HMAC-SHA1", oauth_consumer_key="0dMfQEs4eXm6aY0Lrxm3c1I6w", oauth_token="1504696465918111744-8FfWiKJ5Qs9vnL4I87a5u6R9jpL9tH", oauth_signature="JnuLTPn%2BtQQMahw%2B0zUBmd85mDU%3D"'}
05/05/2022 03:59:21 Updated body: None
05/05/2022 03:59:21 Starting new HTTPS connection (1): api.twitter.com:443
05/05/2022 03:59:21 https://api.twitter.com:443 "POST /1.1/statuses/update.json?status=%F0%9F%8C%9F+Please+checkout+our+new+generative+art+Spectrum+by+%40LibertasART&in_reply_to_status_id=1522169034741067780&auto_populate_reply_metadata=True HTTP/1.1" 200 1264
05/05/2022 03:59:21 replied to this id:1522169034741067780
05/05/2022 04:05:09 PARAMS: {'status': '🌟 Please checkout our new generative art Spectrum by @LibertasART', 'in_reply_to_status_id': '1522170448221515783', 'auto_populate_reply_metadata': 'True'}
05/05/2022 04:05:09 Signing request <PreparedRequest [POST]> using client <Client client_key=0dMfQEs4eXm6aY0Lrxm3c1I6w, client_secret=****, resource_owner_key=1504696465918111744-8FfWiKJ5Qs9vnL4I87a5u6R9jpL9tH, resource_owner_secret=****, signature_method=HMAC-SHA1, signature_type=AUTH_HEADER, callback_uri=None, rsa_key=None, verifier=None, realm=None, encoding=utf-8, decoding=None, nonce=None, timestamp=None>
05/05/2022 04:05:09 Including body in call to sign: False
05/05/2022 04:05:09 Collected params: [('status', '🌟 Please checkout our new generative art Spectrum by @LibertasART'), ('in_reply_to_status_id', '1522170448221515783'), ('auto_populate_reply_metadata', 'True'), ('oauth_nonce', '114804756078183374921651748709'), ('oauth_timestamp', '1651748709'), ('oauth_version', '1.0'), ('oauth_signature_method', 'HMAC-SHA1'), ('oauth_consumer_key', '0dMfQEs4eXm6aY0Lrxm3c1I6w'), ('oauth_token', '1504696465918111744-8FfWiKJ5Qs9vnL4I87a5u6R9jpL9tH')]
05/05/2022 04:05:09 Normalized params: auto_populate_reply_metadata=True&in_reply_to_status_id=1522170448221515783&oauth_consumer_key=0dMfQEs4eXm6aY0Lrxm3c1I6w&oauth_nonce=114804756078183374921651748709&oauth_signature_method=HMAC-SHA1&oauth_timestamp=1651748709&oauth_token=1504696465918111744-8FfWiKJ5Qs9vnL4I87a5u6R9jpL9tH&oauth_version=1.0&status=%F0%9F%8C%9F%20Please%20checkout%20our%20new%20generative%20art%20Spectrum%20by%20%40LibertasART
05/05/2022 04:05:09 Normalized URI: https://api.twitter.com/1.1/statuses/update.json
05/05/2022 04:05:09 Signing: signature base string: POST&https%3A%2F%2Fapi.twitter.com%2F1.1%2Fstatuses%2Fupdate.json&auto_populate_reply_metadata%3DTrue%26in_reply_to_status_id%3D1522170448221515783%26oauth_consumer_key%3D0dMfQEs4eXm6aY0Lrxm3c1I6w%26oauth_nonce%3D114804756078183374921651748709%26oauth_signature_method%3DHMAC-SHA1%26oauth_timestamp%3D1651748709%26oauth_token%3D1504696465918111744-8FfWiKJ5Qs9vnL4I87a5u6R9jpL9tH%26oauth_version%3D1.0%26status%3D%25F0%259F%258C%259F%2520Please%2520checkout%2520our%2520new%2520generative%2520art%2520Spectrum%2520by%2520%2540LibertasART
05/05/2022 04:05:09 Signature: AQ6jylzid84qRr0uTAKNSSCSsos=
05/05/2022 04:05:09 Updated url: https://api.twitter.com/1.1/statuses/update.json?status=%F0%9F%8C%9F+Please+checkout+our+new+generative+art+Spectrum+by+%40LibertasART&in_reply_to_status_id=1522170448221515783&auto_populate_reply_metadata=True
05/05/2022 04:05:09 Updated headers: {'User-Agent': 'Python/3.9.4 Requests/2.27.1 Tweepy/4.6.0', 'Accept-Encoding': 'gzip, deflate, br', 'Accept': '*/*', 'Connection': 'keep-alive', 'Content-Length': '0', 'Authorization': 'OAuth oauth_nonce="114804756078183374921651748709", oauth_timestamp="1651748709", oauth_version="1.0", oauth_signature_method="HMAC-SHA1", oauth_consumer_key="0dMfQEs4eXm6aY0Lrxm3c1I6w", oauth_token="1504696465918111744-8FfWiKJ5Qs9vnL4I87a5u6R9jpL9tH", oauth_signature="AQ6jylzid84qRr0uTAKNSSCSsos%3D"'}
05/05/2022 04:05:09 Updated body: None
05/05/2022 04:05:09 Starting new HTTPS connection (1): api.twitter.com:443
05/05/2022 04:05:10 https://api.twitter.com:443 "POST /1.1/statuses/update.json?status=%F0%9F%8C%9F+Please+checkout+our+new+generative+art+Spectrum+by+%40LibertasART&in_reply_to_status_id=1522170448221515783&auto_populate_reply_metadata=True HTTP/1.1" 200 1208
05/05/2022 04:05:10 replied to this id:1522170448221515783
05/05/2022 04:05:10 PARAMS: {'status': '🌟 Please checkout our new generative art Spectrum by @LibertasART', 'in_reply_to_status_id': '1522170436515246081', 'auto_populate_reply_metadata': 'True'}
05/05/2022 04:05:10 Signing request <PreparedRequest [POST]> using client <Client client_key=0dMfQEs4eXm6aY0Lrxm3c1I6w, client_secret=****, resource_owner_key=1504696465918111744-8FfWiKJ5Qs9vnL4I87a5u6R9jpL9tH, resource_owner_secret=****, signature_method=HMAC-SHA1, signature_type=AUTH_HEADER, callback_uri=None, rsa_key=None, verifier=None, realm=None, encoding=utf-8, decoding=None, nonce=None, timestamp=None>
05/05/2022 04:05:10 Including body in call to sign: False
05/05/2022 04:05:10 Collected params: [('status', '🌟 Please checkout our new generative art Spectrum by @LibertasART'), ('in_reply_to_status_id', '1522170436515246081'), ('auto_populate_reply_metadata', 'True'), ('oauth_nonce', '142901147398938774931651748710'), ('oauth_timestamp', '1651748710'), ('oauth_version', '1.0'), ('oauth_signature_method', 'HMAC-SHA1'), ('oauth_consumer_key', '0dMfQEs4eXm6aY0Lrxm3c1I6w'), ('oauth_token', '1504696465918111744-8FfWiKJ5Qs9vnL4I87a5u6R9jpL9tH')]
05/05/2022 04:05:10 Normalized params: auto_populate_reply_metadata=True&in_reply_to_status_id=1522170436515246081&oauth_consumer_key=0dMfQEs4eXm6aY0Lrxm3c1I6w&oauth_nonce=142901147398938774931651748710&oauth_signature_method=HMAC-SHA1&oauth_timestamp=1651748710&oauth_token=1504696465918111744-8FfWiKJ5Qs9vnL4I87a5u6R9jpL9tH&oauth_version=1.0&status=%F0%9F%8C%9F%20Please%20checkout%20our%20new%20generative%20art%20Spectrum%20by%20%40LibertasART
05/05/2022 04:05:10 Normalized URI: https://api.twitter.com/1.1/statuses/update.json
05/05/2022 04:05:10 Signing: signature base string: POST&https%3A%2F%2Fapi.twitter.com%2F1.1%2Fstatuses%2Fupdate.json&auto_populate_reply_metadata%3DTrue%26in_reply_to_status_id%3D1522170436515246081%26oauth_consumer_key%3D0dMfQEs4eXm6aY0Lrxm3c1I6w%26oauth_nonce%3D142901147398938774931651748710%26oauth_signature_method%3DHMAC-SHA1%26oauth_timestamp%3D1651748710%26oauth_token%3D1504696465918111744-8FfWiKJ5Qs9vnL4I87a5u6R9jpL9tH%26oauth_version%3D1.0%26status%3D%25F0%259F%258C%259F%2520Please%2520checkout%2520our%2520new%2520generative%2520art%2520Spectrum%2520by%2520%2540LibertasART
05/05/2022 04:05:10 Signature: bkarRd8kBbdEVVKiw+nGml0LTXY=
05/05/2022 04:05:10 Updated url: https://api.twitter.com/1.1/statuses/update.json?status=%F0%9F%8C%9F+Please+checkout+our+new+generative+art+Spectrum+by+%40LibertasART&in_reply_to_status_id=1522170436515246081&auto_populate_reply_metadata=True
05/05/2022 04:05:10 Updated headers: {'User-Agent': 'Python/3.9.4 Requests/2.27.1 Tweepy/4.6.0', 'Accept-Encoding': 'gzip, deflate, br', 'Accept': '*/*', 'Connection': 'keep-alive', 'Content-Length': '0', 'Authorization': 'OAuth oauth_nonce="142901147398938774931651748710", oauth_timestamp="1651748710", oauth_version="1.0", oauth_signature_method="HMAC-SHA1", oauth_consumer_key="0dMfQEs4eXm6aY0Lrxm3c1I6w", oauth_token="1504696465918111744-8FfWiKJ5Qs9vnL4I87a5u6R9jpL9tH", oauth_signature="bkarRd8kBbdEVVKiw%2BnGml0LTXY%3D"'}
05/05/2022 04:05:10 Updated body: None
05/05/2022 04:05:10 Starting new HTTPS connection (1): api.twitter.com:443
05/05/2022 04:05:10 https://api.twitter.com:443 "POST /1.1/statuses/update.json?status=%F0%9F%8C%9F+Please+checkout+our+new+generative+art+Spectrum+by+%40LibertasART&in_reply_to_status_id=1522170436515246081&auto_populate_reply_metadata=True HTTP/1.1" 200 1208
05/05/2022 04:05:10 replied to this id:1522170436515246081
05/05/2022 04:05:10 PARAMS: {'status': '🌟 Please checkout our new generative art Spectrum by @LibertasART', 'in_reply_to_status_id': '1522170423156346880', 'auto_populate_reply_metadata': 'True'}
05/05/2022 04:05:10 Signing request <PreparedRequest [POST]> using client <Client client_key=0dMfQEs4eXm6aY0Lrxm3c1I6w, client_secret=****, resource_owner_key=1504696465918111744-8FfWiKJ5Qs9vnL4I87a5u6R9jpL9tH, resource_owner_secret=****, signature_method=HMAC-SHA1, signature_type=AUTH_HEADER, callback_uri=None, rsa_key=None, verifier=None, realm=None, encoding=utf-8, decoding=None, nonce=None, timestamp=None>
05/05/2022 04:05:10 Including body in call to sign: False
05/05/2022 04:05:10 Collected params: [('status', '🌟 Please checkout our new generative art Spectrum by @LibertasART'), ('in_reply_to_status_id', '1522170423156346880'), ('auto_populate_reply_metadata', 'True'), ('oauth_nonce', '54464808440247907371651748710'), ('oauth_timestamp', '1651748710'), ('oauth_version', '1.0'), ('oauth_signature_method', 'HMAC-SHA1'), ('oauth_consumer_key', '0dMfQEs4eXm6aY0Lrxm3c1I6w'), ('oauth_token', '1504696465918111744-8FfWiKJ5Qs9vnL4I87a5u6R9jpL9tH')]
05/05/2022 04:05:10 Normalized params: auto_populate_reply_metadata=True&in_reply_to_status_id=1522170423156346880&oauth_consumer_key=0dMfQEs4eXm6aY0Lrxm3c1I6w&oauth_nonce=54464808440247907371651748710&oauth_signature_method=HMAC-SHA1&oauth_timestamp=1651748710&oauth_token=1504696465918111744-8FfWiKJ5Qs9vnL4I87a5u6R9jpL9tH&oauth_version=1.0&status=%F0%9F%8C%9F%20Please%20checkout%20our%20new%20generative%20art%20Spectrum%20by%20%40LibertasART
05/05/2022 04:05:10 Normalized URI: https://api.twitter.com/1.1/statuses/update.json
05/05/2022 04:05:10 Signing: signature base string: POST&https%3A%2F%2Fapi.twitter.com%2F1.1%2Fstatuses%2Fupdate.json&auto_populate_reply_metadata%3DTrue%26in_reply_to_status_id%3D1522170423156346880%26oauth_consumer_key%3D0dMfQEs4eXm6aY0Lrxm3c1I6w%26oauth_nonce%3D54464808440247907371651748710%26oauth_signature_method%3DHMAC-SHA1%26oauth_timestamp%3D1651748710%26oauth_token%3D1504696465918111744-8FfWiKJ5Qs9vnL4I87a5u6R9jpL9tH%26oauth_version%3D1.0%26status%3D%25F0%259F%258C%259F%2520Please%2520checkout%2520our%2520new%2520generative%2520art%2520Spectrum%2520by%2520%2540LibertasART
05/05/2022 04:05:10 Signature: g1JhgLgWJSZYZskCk8tl5TJoZYA=
05/05/2022 04:05:10 Updated url: https://api.twitter.com/1.1/statuses/update.json?status=%F0%9F%8C%9F+Please+checkout+our+new+generative+art+Spectrum+by+%40LibertasART&in_reply_to_status_id=1522170423156346880&auto_populate_reply_metadata=True
05/05/2022 04:05:10 Updated headers: {'User-Agent': 'Python/3.9.4 Requests/2.27.1 Tweepy/4.6.0', 'Accept-Encoding': 'gzip, deflate, br', 'Accept': '*/*', 'Connection': 'keep-alive', 'Content-Length': '0', 'Authorization': 'OAuth oauth_nonce="54464808440247907371651748710", oauth_timestamp="1651748710", oauth_version="1.0", oauth_signature_method="HMAC-SHA1", oauth_consumer_key="0dMfQEs4eXm6aY0Lrxm3c1I6w", oauth_token="1504696465918111744-8FfWiKJ5Qs9vnL4I87a5u6R9jpL9tH", oauth_signature="g1JhgLgWJSZYZskCk8tl5TJoZYA%3D"'}
05/05/2022 04:05:10 Updated body: None
05/05/2022 04:05:10 Starting new HTTPS connection (1): api.twitter.com:443
05/05/2022 04:05:10 https://api.twitter.com:443 "POST /1.1/statuses/update.json?status=%F0%9F%8C%9F+Please+checkout+our+new+generative+art+Spectrum+by+%40LibertasART&in_reply_to_status_id=1522170423156346880&auto_populate_reply_metadata=True HTTP/1.1" 200 1208
05/05/2022 04:05:10 replied to this id:1522170423156346880
05/05/2022 04:06:00 PARAMS: {'q': 'drop%20your%20nft', 'lang': 'en', 'result_type': 'recent', 'tweet_mode': 'extended'}
05/05/2022 04:06:00 Signing request <PreparedRequest [GET]> using client <Client client_key=0dMfQEs4eXm6aY0Lrxm3c1I6w, client_secret=****, resource_owner_key=1504696465918111744-8FfWiKJ5Qs9vnL4I87a5u6R9jpL9tH, resource_owner_secret=****, signature_method=HMAC-SHA1, signature_type=AUTH_HEADER, callback_uri=None, rsa_key=None, verifier=None, realm=None, encoding=utf-8, decoding=None, nonce=None, timestamp=None>
05/05/2022 04:06:00 Including body in call to sign: False
05/05/2022 04:06:00 Collected params: [('q', 'drop%20your%20nft'), ('lang', 'en'), ('result_type', 'recent'), ('tweet_mode', 'extended'), ('oauth_nonce', '115414699802625062031651748760'), ('oauth_timestamp', '1651748760'), ('oauth_version', '1.0'), ('oauth_signature_method', 'HMAC-SHA1'), ('oauth_consumer_key', '0dMfQEs4eXm6aY0Lrxm3c1I6w'), ('oauth_token', '1504696465918111744-8FfWiKJ5Qs9vnL4I87a5u6R9jpL9tH')]
05/05/2022 04:06:00 Normalized params: lang=en&oauth_consumer_key=0dMfQEs4eXm6aY0Lrxm3c1I6w&oauth_nonce=115414699802625062031651748760&oauth_signature_method=HMAC-SHA1&oauth_timestamp=1651748760&oauth_token=1504696465918111744-8FfWiKJ5Qs9vnL4I87a5u6R9jpL9tH&oauth_version=1.0&q=drop%2520your%2520nft&result_type=recent&tweet_mode=extended
05/05/2022 04:06:00 Normalized URI: https://api.twitter.com/1.1/search/tweets.json
05/05/2022 04:06:00 Signing: signature base string: GET&https%3A%2F%2Fapi.twitter.com%2F1.1%2Fsearch%2Ftweets.json&lang%3Den%26oauth_consumer_key%3D0dMfQEs4eXm6aY0Lrxm3c1I6w%26oauth_nonce%3D115414699802625062031651748760%26oauth_signature_method%3DHMAC-SHA1%26oauth_timestamp%3D1651748760%26oauth_token%3D1504696465918111744-8FfWiKJ5Qs9vnL4I87a5u6R9jpL9tH%26oauth_version%3D1.0%26q%3Ddrop%252520your%252520nft%26result_type%3Drecent%26tweet_mode%3Dextended
05/05/2022 04:06:00 Signature: ariCFIk0AFd067sjRGUxsBb/zk0=
05/05/2022 04:06:00 Updated url: https://api.twitter.com/1.1/search/tweets.json?q=drop%2520your%2520nft&lang=en&result_type=recent&tweet_mode=extended
05/05/2022 04:06:00 Updated headers: {'User-Agent': 'Python/3.9.4 Requests/2.27.1 Tweepy/4.6.0', 'Accept-Encoding': 'gzip, deflate, br', 'Accept': '*/*', 'Connection': 'keep-alive', 'Authorization': 'OAuth oauth_nonce="115414699802625062031651748760", oauth_timestamp="1651748760", oauth_version="1.0", oauth_signature_method="HMAC-SHA1", oauth_consumer_key="0dMfQEs4eXm6aY0Lrxm3c1I6w", oauth_token="1504696465918111744-8FfWiKJ5Qs9vnL4I87a5u6R9jpL9tH", oauth_signature="ariCFIk0AFd067sjRGUxsBb%2Fzk0%3D"'}
05/05/2022 04:06:00 Updated body: None
05/05/2022 04:06:00 Starting new HTTPS connection (1): api.twitter.com:443
05/05/2022 04:06:00 https://api.twitter.com:443 "GET /1.1/search/tweets.json?q=drop%2520your%2520nft&lang=en&result_type=recent&tweet_mode=extended HTTP/1.1" 200 7002
05/05/2022 04:06:00 PARAMS: {'q': 'drop%20your%20nft', 'max_id': '1522170704405630975', 'lang': 'en', 'result_type': 'recent', 'tweet_mode': 'extended'}
05/05/2022 04:06:00 Signing request <PreparedRequest [GET]> using client <Client client_key=0dMfQEs4eXm6aY0Lrxm3c1I6w, client_secret=****, resource_owner_key=1504696465918111744-8FfWiKJ5Qs9vnL4I87a5u6R9jpL9tH, resource_owner_secret=****, signature_method=HMAC-SHA1, signature_type=AUTH_HEADER, callback_uri=None, rsa_key=None, verifier=None, realm=None, encoding=utf-8, decoding=None, nonce=None, timestamp=None>
05/05/2022 04:06:00 Including body in call to sign: False
05/05/2022 04:06:00 Collected params: [('q', 'drop%20your%20nft'), ('max_id', '1522170704405630975'), ('lang', 'en'), ('result_type', 'recent'), ('tweet_mode', 'extended'), ('oauth_nonce', '102077654350181596671651748760'), ('oauth_timestamp', '1651748760'), ('oauth_version', '1.0'), ('oauth_signature_method', 'HMAC-SHA1'), ('oauth_consumer_key', '0dMfQEs4eXm6aY0Lrxm3c1I6w'), ('oauth_token', '1504696465918111744-8FfWiKJ5Qs9vnL4I87a5u6R9jpL9tH')]
05/05/2022 04:06:00 Normalized params: lang=en&max_id=1522170704405630975&oauth_consumer_key=0dMfQEs4eXm6aY0Lrxm3c1I6w&oauth_nonce=102077654350181596671651748760&oauth_signature_method=HMAC-SHA1&oauth_timestamp=1651748760&oauth_token=1504696465918111744-8FfWiKJ5Qs9vnL4I87a5u6R9jpL9tH&oauth_version=1.0&q=drop%2520your%2520nft&result_type=recent&tweet_mode=extended
05/05/2022 04:06:00 Normalized URI: https://api.twitter.com/1.1/search/tweets.json
05/05/2022 04:06:00 Signing: signature base string: GET&https%3A%2F%2Fapi.twitter.com%2F1.1%2Fsearch%2Ftweets.json&lang%3Den%26max_id%3D1522170704405630975%26oauth_consumer_key%3D0dMfQEs4eXm6aY0Lrxm3c1I6w%26oauth_nonce%3D102077654350181596671651748760%26oauth_signature_method%3DHMAC-SHA1%26oauth_timestamp%3D1651748760%26oauth_token%3D1504696465918111744-8FfWiKJ5Qs9vnL4I87a5u6R9jpL9tH%26oauth_version%3D1.0%26q%3Ddrop%252520your%252520nft%26result_type%3Drecent%26tweet_mode%3Dextended
05/05/2022 04:06:00 Signature: 4FJPhXr2hJC9zd6DesNRSH4/TKo=
05/05/2022 04:06:00 Updated url: https://api.twitter.com/1.1/search/tweets.json?q=drop%2520your%2520nft&max_id=1522170704405630975&lang=en&result_type=recent&tweet_mode=extended
05/05/2022 04:06:00 Updated headers: {'User-Agent': 'Python/3.9.4 Requests/2.27.1 Tweepy/4.6.0', 'Accept-Encoding': 'gzip, deflate, br', 'Accept': '*/*', 'Connection': 'keep-alive', 'Cookie': 'guest_id=v1%3A165174876085934846; guest_id_ads=v1%3A165174876085934846; guest_id_marketing=v1%3A165174876085934846; personalization_id="v1_58gYVnOwRYCmg1sQMmhmWA=="; lang=en', 'Authorization': 'OAuth oauth_nonce="102077654350181596671651748760", oauth_timestamp="1651748760", oauth_version="1.0", oauth_signature_method="HMAC-SHA1", oauth_consumer_key="0dMfQEs4eXm6aY0Lrxm3c1I6w", oauth_token="1504696465918111744-8FfWiKJ5Qs9vnL4I87a5u6R9jpL9tH", oauth_signature="4FJPhXr2hJC9zd6DesNRSH4%2FTKo%3D"'}
05/05/2022 04:06:00 Updated body: None
05/05/2022 04:06:00 Starting new HTTPS connection (1): api.twitter.com:443
05/05/2022 04:07:07 PARAMS: {'q': 'drop%20your%20nft', 'lang': 'en', 'result_type': 'recent', 'tweet_mode': 'extended'}
05/05/2022 04:07:07 Signing request <PreparedRequest [GET]> using client <Client client_key=0dMfQEs4eXm6aY0Lrxm3c1I6w, client_secret=****, resource_owner_key=1504696465918111744-8FfWiKJ5Qs9vnL4I87a5u6R9jpL9tH, resource_owner_secret=****, signature_method=HMAC-SHA1, signature_type=AUTH_HEADER, callback_uri=None, rsa_key=None, verifier=None, realm=None, encoding=utf-8, decoding=None, nonce=None, timestamp=None>
05/05/2022 04:07:07 Including body in call to sign: False
05/05/2022 04:07:07 Collected params: [('q', 'drop%20your%20nft'), ('lang', 'en'), ('result_type', 'recent'), ('tweet_mode', 'extended'), ('oauth_nonce', '11564350168325090841651748827'), ('oauth_timestamp', '1651748827'), ('oauth_version', '1.0'), ('oauth_signature_method', 'HMAC-SHA1'), ('oauth_consumer_key', '0dMfQEs4eXm6aY0Lrxm3c1I6w'), ('oauth_token', '1504696465918111744-8FfWiKJ5Qs9vnL4I87a5u6R9jpL9tH')]
05/05/2022 04:07:07 Normalized params: lang=en&oauth_consumer_key=0dMfQEs4eXm6aY0Lrxm3c1I6w&oauth_nonce=11564350168325090841651748827&oauth_signature_method=HMAC-SHA1&oauth_timestamp=1651748827&oauth_token=1504696465918111744-8FfWiKJ5Qs9vnL4I87a5u6R9jpL9tH&oauth_version=1.0&q=drop%2520your%2520nft&result_type=recent&tweet_mode=extended
05/05/2022 04:07:07 Normalized URI: https://api.twitter.com/1.1/search/tweets.json
05/05/2022 04:07:07 Signing: signature base string: GET&https%3A%2F%2Fapi.twitter.com%2F1.1%2Fsearch%2Ftweets.json&lang%3Den%26oauth_consumer_key%3D0dMfQEs4eXm6aY0Lrxm3c1I6w%26oauth_nonce%3D11564350168325090841651748827%26oauth_signature_method%3DHMAC-SHA1%26oauth_timestamp%3D1651748827%26oauth_token%3D1504696465918111744-8FfWiKJ5Qs9vnL4I87a5u6R9jpL9tH%26oauth_version%3D1.0%26q%3Ddrop%252520your%252520nft%26result_type%3Drecent%26tweet_mode%3Dextended
05/05/2022 04:07:07 Signature: DPNi+koe78LnEXIe7haN4SZZCUU=
05/05/2022 04:07:07 Updated url: https://api.twitter.com/1.1/search/tweets.json?q=drop%2520your%2520nft&lang=en&result_type=recent&tweet_mode=extended
05/05/2022 04:07:07 Updated headers: {'User-Agent': 'Python/3.9.4 Requests/2.27.1 Tweepy/4.6.0', 'Accept-Encoding': 'gzip, deflate, br', 'Accept': '*/*', 'Connection': 'keep-alive', 'Authorization': 'OAuth oauth_nonce="11564350168325090841651748827", oauth_timestamp="1651748827", oauth_version="1.0", oauth_signature_method="HMAC-SHA1", oauth_consumer_key="0dMfQEs4eXm6aY0Lrxm3c1I6w", oauth_token="1504696465918111744-8FfWiKJ5Qs9vnL4I87a5u6R9jpL9tH", oauth_signature="DPNi%2Bkoe78LnEXIe7haN4SZZCUU%3D"'}
05/05/2022 04:07:07 Updated body: None
05/05/2022 04:07:07 Starting new HTTPS connection (1): api.twitter.com:443
05/05/2022 04:07:07 https://api.twitter.com:443 "GET /1.1/search/tweets.json?q=drop%2520your%2520nft&lang=en&result_type=recent&tweet_mode=extended HTTP/1.1" 200 10493
05/05/2022 04:07:07 PARAMS: {'q': 'drop%20your%20nft', 'max_id': '1522170922530222082', 'lang': 'en', 'result_type': 'recent', 'tweet_mode': 'extended'}
05/05/2022 04:07:07 Signing request <PreparedRequest [GET]> using client <Client client_key=0dMfQEs4eXm6aY0Lrxm3c1I6w, client_secret=****, resource_owner_key=1504696465918111744-8FfWiKJ5Qs9vnL4I87a5u6R9jpL9tH, resource_owner_secret=****, signature_method=HMAC-SHA1, signature_type=AUTH_HEADER, callback_uri=None, rsa_key=None, verifier=None, realm=None, encoding=utf-8, decoding=None, nonce=None, timestamp=None>
05/05/2022 04:07:07 Including body in call to sign: False
05/05/2022 04:07:07 Collected params: [('q', 'drop%20your%20nft'), ('max_id', '1522170922530222082'), ('lang', 'en'), ('result_type', 'recent'), ('tweet_mode', 'extended'), ('oauth_nonce', '80549828600517268601651748827'), ('oauth_timestamp', '1651748827'), ('oauth_version', '1.0'), ('oauth_signature_method', 'HMAC-SHA1'), ('oauth_consumer_key', '0dMfQEs4eXm6aY0Lrxm3c1I6w'), ('oauth_token', '1504696465918111744-8FfWiKJ5Qs9vnL4I87a5u6R9jpL9tH')]
05/05/2022 04:07:07 Normalized params: lang=en&max_id=1522170922530222082&oauth_consumer_key=0dMfQEs4eXm6aY0Lrxm3c1I6w&oauth_nonce=80549828600517268601651748827&oauth_signature_method=HMAC-SHA1&oauth_timestamp=1651748827&oauth_token=1504696465918111744-8FfWiKJ5Qs9vnL4I87a5u6R9jpL9tH&oauth_version=1.0&q=drop%2520your%2520nft&result_type=recent&tweet_mode=extended
05/05/2022 04:07:07 Normalized URI: https://api.twitter.com/1.1/search/tweets.json
05/05/2022 04:07:07 Signing: signature base string: GET&https%3A%2F%2Fapi.twitter.com%2F1.1%2Fsearch%2Ftweets.json&lang%3Den%26max_id%3D1522170922530222082%26oauth_consumer_key%3D0dMfQEs4eXm6aY0Lrxm3c1I6w%26oauth_nonce%3D80549828600517268601651748827%26oauth_signature_method%3DHMAC-SHA1%26oauth_timestamp%3D1651748827%26oauth_token%3D1504696465918111744-8FfWiKJ5Qs9vnL4I87a5u6R9jpL9tH%26oauth_version%3D1.0%26q%3Ddrop%252520your%252520nft%26result_type%3Drecent%26tweet_mode%3Dextended
05/05/2022 04:07:07 Signature: bcpjN0M4gCOXihEhbM8iklfF1es=
05/05/2022 04:07:07 Updated url: https://api.twitter.com/1.1/search/tweets.json?q=drop%2520your%2520nft&max_id=1522170922530222082&lang=en&result_type=recent&tweet_mode=extended
05/05/2022 04:07:07 Updated headers: {'User-Agent': 'Python/3.9.4 Requests/2.27.1 Tweepy/4.6.0', 'Accept-Encoding': 'gzip, deflate, br', 'Accept': '*/*', 'Connection': 'keep-alive', 'Cookie': 'guest_id=v1%3A165174882733576714; guest_id_ads=v1%3A165174882733576714; guest_id_marketing=v1%3A165174882733576714; personalization_id="v1_CRpMCe9MLW8wU7htrHseUw=="; lang=en', 'Authorization': 'OAuth oauth_nonce="80549828600517268601651748827", oauth_timestamp="1651748827", oauth_version="1.0", oauth_signature_method="HMAC-SHA1", oauth_consumer_key="0dMfQEs4eXm6aY0Lrxm3c1I6w", oauth_token="1504696465918111744-8FfWiKJ5Qs9vnL4I87a5u6R9jpL9tH", oauth_signature="bcpjN0M4gCOXihEhbM8iklfF1es%3D"'}
05/05/2022 04:07:07 Updated body: None
05/05/2022 04:07:07 Starting new HTTPS connection (1): api.twitter.com:443
05/05/2022 04:07:08 https://api.twitter.com:443 "GET /1.1/search/tweets.json?q=drop%2520your%2520nft&max_id=1522170922530222082&lang=en&result_type=recent&tweet_mode=extended HTTP/1.1" 200 9225
05/05/2022 04:07:08 PARAMS: {'q': 'drop%20your%20nft', 'max_id': '1522170889026084864', 'lang': 'en', 'result_type': 'recent', 'tweet_mode': 'extended'}
05/05/2022 04:07:08 Signing request <PreparedRequest [GET]> using client <Client client_key=0dMfQEs4eXm6aY0Lrxm3c1I6w, client_secret=****, resource_owner_key=1504696465918111744-8FfWiKJ5Qs9vnL4I87a5u6R9jpL9tH, resource_owner_secret=****, signature_method=HMAC-SHA1, signature_type=AUTH_HEADER, callback_uri=None, rsa_key=None, verifier=None, realm=None, encoding=utf-8, decoding=None, nonce=None, timestamp=None>
05/05/2022 04:07:08 Including body in call to sign: False
05/05/2022 04:07:08 Collected params: [('q', 'drop%20your%20nft'), ('max_id', '1522170889026084864'), ('lang', 'en'), ('result_type', 'recent'), ('tweet_mode', 'extended'), ('oauth_nonce', '150618964566982860171651748828'), ('oauth_timestamp', '1651748828'), ('oauth_version', '1.0'), ('oauth_signature_method', 'HMAC-SHA1'), ('oauth_consumer_key', '0dMfQEs4eXm6aY0Lrxm3c1I6w'), ('oauth_token', '1504696465918111744-8FfWiKJ5Qs9vnL4I87a5u6R9jpL9tH')]
05/05/2022 04:07:08 Normalized params: lang=en&max_id=1522170889026084864&oauth_consumer_key=0dMfQEs4eXm6aY0Lrxm3c1I6w&oauth_nonce=150618964566982860171651748828&oauth_signature_method=HMAC-SHA1&oauth_timestamp=1651748828&oauth_token=1504696465918111744-8FfWiKJ5Qs9vnL4I87a5u6R9jpL9tH&oauth_version=1.0&q=drop%2520your%2520nft&result_type=recent&tweet_mode=extended
05/05/2022 04:07:08 Normalized URI: https://api.twitter.com/1.1/search/tweets.json
05/05/2022 04:07:08 Signing: signature base string: GET&https%3A%2F%2Fapi.twitter.com%2F1.1%2Fsearch%2Ftweets.json&lang%3Den%26max_id%3D1522170889026084864%26oauth_consumer_key%3D0dMfQEs4eXm6aY0Lrxm3c1I6w%26oauth_nonce%3D150618964566982860171651748828%26oauth_signature_method%3DHMAC-SHA1%26oauth_timestamp%3D1651748828%26oauth_token%3D1504696465918111744-8FfWiKJ5Qs9vnL4I87a5u6R9jpL9tH%26oauth_version%3D1.0%26q%3Ddrop%252520your%252520nft%26result_type%3Drecent%26tweet_mode%3Dextended
05/05/2022 04:07:08 Signature: im86DUyVkCUUYwZBDNHY+/2waU4=
05/05/2022 04:07:08 Updated url: https://api.twitter.com/1.1/search/tweets.json?q=drop%2520your%2520nft&max_id=1522170889026084864&lang=en&result_type=recent&tweet_mode=extended
05/05/2022 04:07:08 Updated headers: {'User-Agent': 'Python/3.9.4 Requests/2.27.1 Tweepy/4.6.0', 'Accept-Encoding': 'gzip, deflate, br', 'Accept': '*/*', 'Connection': 'keep-alive', 'Cookie': 'guest_id=v1%3A165174882733576714; guest_id_ads=v1%3A165174882733576714; guest_id_marketing=v1%3A165174882733576714; personalization_id="v1_CRpMCe9MLW8wU7htrHseUw=="; lang=en', 'Authorization': 'OAuth oauth_nonce="150618964566982860171651748828", oauth_timestamp="1651748828", oauth_version="1.0", oauth_signature_method="HMAC-SHA1", oauth_consumer_key="0dMfQEs4eXm6aY0Lrxm3c1I6w", oauth_token="1504696465918111744-8FfWiKJ5Qs9vnL4I87a5u6R9jpL9tH", oauth_signature="im86DUyVkCUUYwZBDNHY%2B%2F2waU4%3D"'}
05/05/2022 04:07:08 Updated body: None
05/05/2022 04:07:08 Starting new HTTPS connection (1): api.twitter.com:443
05/05/2022 04:07:08 https://api.twitter.com:443 "GET /1.1/search/tweets.json?q=drop%2520your%2520nft&max_id=1522170889026084864&lang=en&result_type=recent&tweet_mode=extended HTTP/1.1" 200 9019
05/05/2022 04:07:08 PARAMS: {'q': 'drop%20your%20nft', 'max_id': '1522170841596841983', 'lang': 'en', 'result_type': 'recent', 'tweet_mode': 'extended'}
05/05/2022 04:07:08 Signing request <PreparedRequest [GET]> using client <Client client_key=0dMfQEs4eXm6aY0Lrxm3c1I6w, client_secret=****, resource_owner_key=1504696465918111744-8FfWiKJ5Qs9vnL4I87a5u6R9jpL9tH, resource_owner_secret=****, signature_method=HMAC-SHA1, signature_type=AUTH_HEADER, callback_uri=None, rsa_key=None, verifier=None, realm=None, encoding=utf-8, decoding=None, nonce=None, timestamp=None>
05/05/2022 04:07:08 Including body in call to sign: False
05/05/2022 04:07:08 Collected params: [('q', 'drop%20your%20nft'), ('max_id', '1522170841596841983'), ('lang', 'en'), ('result_type', 'recent'), ('tweet_mode', 'extended'), ('oauth_nonce', '185806543027552691651748828'), ('oauth_timestamp', '1651748828'), ('oauth_version', '1.0'), ('oauth_signature_method', 'HMAC-SHA1'), ('oauth_consumer_key', '0dMfQEs4eXm6aY0Lrxm3c1I6w'), ('oauth_token', '1504696465918111744-8FfWiKJ5Qs9vnL4I87a5u6R9jpL9tH')]
05/05/2022 04:07:08 Normalized params: lang=en&max_id=1522170841596841983&oauth_consumer_key=0dMfQEs4eXm6aY0Lrxm3c1I6w&oauth_nonce=185806543027552691651748828&oauth_signature_method=HMAC-SHA1&oauth_timestamp=1651748828&oauth_token=1504696465918111744-8FfWiKJ5Qs9vnL4I87a5u6R9jpL9tH&oauth_version=1.0&q=drop%2520your%2520nft&result_type=recent&tweet_mode=extended
05/05/2022 04:07:08 Normalized URI: https://api.twitter.com/1.1/search/tweets.json
05/05/2022 04:07:08 Signing: signature base string: GET&https%3A%2F%2Fapi.twitter.com%2F1.1%2Fsearch%2Ftweets.json&lang%3Den%26max_id%3D1522170841596841983%26oauth_consumer_key%3D0dMfQEs4eXm6aY0Lrxm3c1I6w%26oauth_nonce%3D185806543027552691651748828%26oauth_signature_method%3DHMAC-SHA1%26oauth_timestamp%3D1651748828%26oauth_token%3D1504696465918111744-8FfWiKJ5Qs9vnL4I87a5u6R9jpL9tH%26oauth_version%3D1.0%26q%3Ddrop%252520your%252520nft%26result_type%3Drecent%26tweet_mode%3Dextended
05/05/2022 04:07:08 Signature: +7h0qBPnpSF1ASxJValRDGxRB4k=
05/05/2022 04:07:08 Updated url: https://api.twitter.com/1.1/search/tweets.json?q=drop%2520your%2520nft&max_id=1522170841596841983&lang=en&result_type=recent&tweet_mode=extended
05/05/2022 04:07:08 Updated headers: {'User-Agent': 'Python/3.9.4 Requests/2.27.1 Tweepy/4.6.0', 'Accept-Encoding': 'gzip, deflate, br', 'Accept': '*/*', 'Connection': 'keep-alive', 'Cookie': 'guest_id=v1%3A165174882733576714; guest_id_ads=v1%3A165174882733576714; guest_id_marketing=v1%3A165174882733576714; personalization_id="v1_CRpMCe9MLW8wU7htrHseUw=="; lang=en', 'Authorization': 'OAuth oauth_nonce="185806543027552691651748828", oauth_timestamp="1651748828", oauth_version="1.0", oauth_signature_method="HMAC-SHA1", oauth_consumer_key="0dMfQEs4eXm6aY0Lrxm3c1I6w", oauth_token="1504696465918111744-8FfWiKJ5Qs9vnL4I87a5u6R9jpL9tH", oauth_signature="%2B7h0qBPnpSF1ASxJValRDGxRB4k%3D"'}
05/05/2022 04:07:08 Updated body: None
05/05/2022 04:07:08 Starting new HTTPS connection (1): api.twitter.com:443
05/05/2022 04:07:08 https://api.twitter.com:443 "GET /1.1/search/tweets.json?q=drop%2520your%2520nft&max_id=1522170841596841983&lang=en&result_type=recent&tweet_mode=extended HTTP/1.1" 200 8110
05/05/2022 04:07:08 PARAMS: {'q': 'drop%20your%20nft', 'max_id': '1522170790988455936', 'lang': 'en', 'result_type': 'recent', 'tweet_mode': 'extended'}
05/05/2022 04:07:08 Signing request <PreparedRequest [GET]> using client <Client client_key=0dMfQEs4eXm6aY0Lrxm3c1I6w, client_secret=****, resource_owner_key=1504696465918111744-8FfWiKJ5Qs9vnL4I87a5u6R9jpL9tH, resource_owner_secret=****, signature_method=HMAC-SHA1, signature_type=AUTH_HEADER, callback_uri=None, rsa_key=None, verifier=None, realm=None, encoding=utf-8, decoding=None, nonce=None, timestamp=None>
05/05/2022 04:07:08 Including body in call to sign: False
05/05/2022 04:07:08 Collected params: [('q', 'drop%20your%20nft'), ('max_id', '1522170790988455936'), ('lang', 'en'), ('result_type', 'recent'), ('tweet_mode', 'extended'), ('oauth_nonce', '102701807665612961711651748828'), ('oauth_timestamp', '1651748828'), ('oauth_version', '1.0'), ('oauth_signature_method', 'HMAC-SHA1'), ('oauth_consumer_key', '0dMfQEs4eXm6aY0Lrxm3c1I6w'), ('oauth_token', '1504696465918111744-8FfWiKJ5Qs9vnL4I87a5u6R9jpL9tH')]
05/05/2022 04:07:08 Normalized params: lang=en&max_id=1522170790988455936&oauth_consumer_key=0dMfQEs4eXm6aY0Lrxm3c1I6w&oauth_nonce=102701807665612961711651748828&oauth_signature_method=HMAC-SHA1&oauth_timestamp=1651748828&oauth_token=1504696465918111744-8FfWiKJ5Qs9vnL4I87a5u6R9jpL9tH&oauth_version=1.0&q=drop%2520your%2520nft&result_type=recent&tweet_mode=extended
05/05/2022 04:07:08 Normalized URI: https://api.twitter.com/1.1/search/tweets.json
05/05/2022 04:07:08 Signing: signature base string: GET&https%3A%2F%2Fapi.twitter.com%2F1.1%2Fsearch%2Ftweets.json&lang%3Den%26max_id%3D1522170790988455936%26oauth_consumer_key%3D0dMfQEs4eXm6aY0Lrxm3c1I6w%26oauth_nonce%3D102701807665612961711651748828%26oauth_signature_method%3DHMAC-SHA1%26oauth_timestamp%3D1651748828%26oauth_token%3D1504696465918111744-8FfWiKJ5Qs9vnL4I87a5u6R9jpL9tH%26oauth_version%3D1.0%26q%3Ddrop%252520your%252520nft%26result_type%3Drecent%26tweet_mode%3Dextended
05/05/2022 04:07:08 Signature: cQ8GLaRdnEE3Vh3jN9fVBFSLOFQ=
05/05/2022 04:07:08 Updated url: https://api.twitter.com/1.1/search/tweets.json?q=drop%2520your%2520nft&max_id=1522170790988455936&lang=en&result_type=recent&tweet_mode=extended
05/05/2022 04:07:08 Updated headers: {'User-Agent': 'Python/3.9.4 Requests/2.27.1 Tweepy/4.6.0', 'Accept-Encoding': 'gzip, deflate, br', 'Accept': '*/*', 'Connection': 'keep-alive', 'Cookie': 'guest_id=v1%3A165174882733576714; guest_id_ads=v1%3A165174882733576714; guest_id_marketing=v1%3A165174882733576714; personalization_id="v1_CRpMCe9MLW8wU7htrHseUw=="; lang=en', 'Authorization': 'OAuth oauth_nonce="102701807665612961711651748828", oauth_timestamp="1651748828", oauth_version="1.0", oauth_signature_method="HMAC-SHA1", oauth_consumer_key="0dMfQEs4eXm6aY0Lrxm3c1I6w", oauth_token="1504696465918111744-8FfWiKJ5Qs9vnL4I87a5u6R9jpL9tH", oauth_signature="cQ8GLaRdnEE3Vh3jN9fVBFSLOFQ%3D"'}
05/05/2022 04:07:08 Updated body: None
05/05/2022 04:07:08 Starting new HTTPS connection (1): api.twitter.com:443
05/05/2022 04:07:09 https://api.twitter.com:443 "GET /1.1/search/tweets.json?q=drop%2520your%2520nft&max_id=1522170790988455936&lang=en&result_type=recent&tweet_mode=extended HTTP/1.1" 200 11454
05/05/2022 04:07:09 PARAMS: {'q': 'drop%20your%20nft', 'max_id': '1522170765721976832', 'lang': 'en', 'result_type': 'recent', 'tweet_mode': 'extended'}
05/05/2022 04:07:09 Signing request <PreparedRequest [GET]> using client <Client client_key=0dMfQEs4eXm6aY0Lrxm3c1I6w, client_secret=****, resource_owner_key=1504696465918111744-8FfWiKJ5Qs9vnL4I87a5u6R9jpL9tH, resource_owner_secret=****, signature_method=HMAC-SHA1, signature_type=AUTH_HEADER, callback_uri=None, rsa_key=None, verifier=None, realm=None, encoding=utf-8, decoding=None, nonce=None, timestamp=None>
05/05/2022 04:07:09 Including body in call to sign: False
05/05/2022 04:07:09 Collected params: [('q', 'drop%20your%20nft'), ('max_id', '1522170765721976832'), ('lang', 'en'), ('result_type', 'recent'), ('tweet_mode', 'extended'), ('oauth_nonce', '167351082926108420201651748829'), ('oauth_timestamp', '1651748829'), ('oauth_version', '1.0'), ('oauth_signature_method', 'HMAC-SHA1'), ('oauth_consumer_key', '0dMfQEs4eXm6aY0Lrxm3c1I6w'), ('oauth_token', '1504696465918111744-8FfWiKJ5Qs9vnL4I87a5u6R9jpL9tH')]
05/05/2022 04:07:09 Normalized params: lang=en&max_id=1522170765721976832&oauth_consumer_key=0dMfQEs4eXm6aY0Lrxm3c1I6w&oauth_nonce=167351082926108420201651748829&oauth_signature_method=HMAC-SHA1&oauth_timestamp=1651748829&oauth_token=1504696465918111744-8FfWiKJ5Qs9vnL4I87a5u6R9jpL9tH&oauth_version=1.0&q=drop%2520your%2520nft&result_type=recent&tweet_mode=extended
05/05/2022 04:07:09 Normalized URI: https://api.twitter.com/1.1/search/tweets.json
05/05/2022 04:07:09 Signing: signature base string: GET&https%3A%2F%2Fapi.twitter.com%2F1.1%2Fsearch%2Ftweets.json&lang%3Den%26max_id%3D1522170765721976832%26oauth_consumer_key%3D0dMfQEs4eXm6aY0Lrxm3c1I6w%26oauth_nonce%3D167351082926108420201651748829%26oauth_signature_method%3DHMAC-SHA1%26oauth_timestamp%3D1651748829%26oauth_token%3D1504696465918111744-8FfWiKJ5Qs9vnL4I87a5u6R9jpL9tH%26oauth_version%3D1.0%26q%3Ddrop%252520your%252520nft%26result_type%3Drecent%26tweet_mode%3Dextended
05/05/2022 04:07:09 Signature: YJ8W4tLnq4WE0muLa5KTOnON+Wc=
05/05/2022 04:07:09 Updated url: https://api.twitter.com/1.1/search/tweets.json?q=drop%2520your%2520nft&max_id=1522170765721976832&lang=en&result_type=recent&tweet_mode=extended
05/05/2022 04:07:09 Updated headers: {'User-Agent': 'Python/3.9.4 Requests/2.27.1 Tweepy/4.6.0', 'Accept-Encoding': 'gzip, deflate, br', 'Accept': '*/*', 'Connection': 'keep-alive', 'Cookie': 'guest_id=v1%3A165174882733576714; guest_id_ads=v1%3A165174882733576714; guest_id_marketing=v1%3A165174882733576714; personalization_id="v1_CRpMCe9MLW8wU7htrHseUw=="; lang=en', 'Authorization': 'OAuth oauth_nonce="167351082926108420201651748829", oauth_timestamp="1651748829", oauth_version="1.0", oauth_signature_method="HMAC-SHA1", oauth_consumer_key="0dMfQEs4eXm6aY0Lrxm3c1I6w", oauth_token="1504696465918111744-8FfWiKJ5Qs9vnL4I87a5u6R9jpL9tH", oauth_signature="YJ8W4tLnq4WE0muLa5KTOnON%2BWc%3D"'}
05/05/2022 04:07:09 Updated body: None
05/05/2022 04:07:09 Starting new HTTPS connection (1): api.twitter.com:443
05/05/2022 04:07:09 https://api.twitter.com:443 "GET /1.1/search/tweets.json?q=drop%2520your%2520nft&max_id=1522170765721976832&lang=en&result_type=recent&tweet_mode=extended HTTP/1.1" 200 8017
05/05/2022 04:07:09 PARAMS: {'q': 'drop%20your%20nft', 'max_id': '1522170724827422720', 'lang': 'en', 'result_type': 'recent', 'tweet_mode': 'extended'}
05/05/2022 04:07:09 Signing request <PreparedRequest [GET]> using client <Client client_key=0dMfQEs4eXm6aY0Lrxm3c1I6w, client_secret=****, resource_owner_key=1504696465918111744-8FfWiKJ5Qs9vnL4I87a5u6R9jpL9tH, resource_owner_secret=****, signature_method=HMAC-SHA1, signature_type=AUTH_HEADER, callback_uri=None, rsa_key=None, verifier=None, realm=None, encoding=utf-8, decoding=None, nonce=None, timestamp=None>
05/05/2022 04:07:09 Including body in call to sign: False
05/05/2022 04:07:09 Collected params: [('q', 'drop%20your%20nft'), ('max_id', '1522170724827422720'), ('lang', 'en'), ('result_type', 'recent'), ('tweet_mode', 'extended'), ('oauth_nonce', '147245759409258009401651748829'), ('oauth_timestamp', '1651748829'), ('oauth_version', '1.0'), ('oauth_signature_method', 'HMAC-SHA1'), ('oauth_consumer_key', '0dMfQEs4eXm6aY0Lrxm3c1I6w'), ('oauth_token', '1504696465918111744-8FfWiKJ5Qs9vnL4I87a5u6R9jpL9tH')]
05/05/2022 04:07:09 Normalized params: lang=en&max_id=1522170724827422720&oauth_consumer_key=0dMfQEs4eXm6aY0Lrxm3c1I6w&oauth_nonce=147245759409258009401651748829&oauth_signature_method=HMAC-SHA1&oauth_timestamp=1651748829&oauth_token=1504696465918111744-8FfWiKJ5Qs9vnL4I87a5u6R9jpL9tH&oauth_version=1.0&q=drop%2520your%2520nft&result_type=recent&tweet_mode=extended
05/05/2022 04:07:09 Normalized URI: https://api.twitter.com/1.1/search/tweets.json
05/05/2022 04:07:09 Signing: signature base string: GET&https%3A%2F%2Fapi.twitter.com%2F1.1%2Fsearch%2Ftweets.json&lang%3Den%26max_id%3D1522170724827422720%26oauth_consumer_key%3D0dMfQEs4eXm6aY0Lrxm3c1I6w%26oauth_nonce%3D147245759409258009401651748829%26oauth_signature_method%3DHMAC-SHA1%26oauth_timestamp%3D1651748829%26oauth_token%3D1504696465918111744-8FfWiKJ5Qs9vnL4I87a5u6R9jpL9tH%26oauth_version%3D1.0%26q%3Ddrop%252520your%252520nft%26result_type%3Drecent%26tweet_mode%3Dextended
05/05/2022 04:07:09 Signature: 5DiFL6M1CjlEhE/iULLXrHscPTs=
05/05/2022 04:07:09 Updated url: https://api.twitter.com/1.1/search/tweets.json?q=drop%2520your%2520nft&max_id=1522170724827422720&lang=en&result_type=recent&tweet_mode=extended
05/05/2022 04:07:09 Updated headers: {'User-Agent': 'Python/3.9.4 Requests/2.27.1 Tweepy/4.6.0', 'Accept-Encoding': 'gzip, deflate, br', 'Accept': '*/*', 'Connection': 'keep-alive', 'Cookie': 'guest_id=v1%3A165174882733576714; guest_id_ads=v1%3A165174882733576714; guest_id_marketing=v1%3A165174882733576714; personalization_id="v1_CRpMCe9MLW8wU7htrHseUw=="; lang=en', 'Authorization': 'OAuth oauth_nonce="147245759409258009401651748829", oauth_timestamp="1651748829", oauth_version="1.0", oauth_signature_method="HMAC-SHA1", oauth_consumer_key="0dMfQEs4eXm6aY0Lrxm3c1I6w", oauth_token="1504696465918111744-8FfWiKJ5Qs9vnL4I87a5u6R9jpL9tH", oauth_signature="5DiFL6M1CjlEhE%2FiULLXrHscPTs%3D"'}
05/05/2022 04:07:09 Updated body: None
05/05/2022 04:07:09 Starting new HTTPS connection (1): api.twitter.com:443
05/05/2022 04:07:10 https://api.twitter.com:443 "GET /1.1/search/tweets.json?q=drop%2520your%2520nft&max_id=1522170724827422720&lang=en&result_type=recent&tweet_mode=extended HTTP/1.1" 200 6968
